
Showing logs for build [32mcb-kubecd-bdd-spring-1568368514-flx6g-1[0m stage [32mmeta-pipeline[0m and container [32mstep-credential-initializer-tmd2r[0m
{"level":"warn","ts":1568368959.0951624,"logger":"fallback-logger","caller":"logging/config.go:69","msg":"Fetch GitHub commit ID from kodata failed: \"ref: refs/heads/master\" is not a valid GitHub commit ID"}
{"level":"info","ts":1568368959.0958347,"logger":"fallback-logger","caller":"creds-init/main.go:40","msg":"Credentials initialized."}

Showing logs for build [32mcb-kubecd-bdd-spring-1568368514-flx6g-1[0m stage [32mmeta-pipeline[0m and container [32mstep-working-dir-initializer-dtvsr[0m
{"level":"warn","ts":1568368960.0595133,"logger":"fallback-logger","caller":"logging/config.go:69","msg":"Fetch GitHub commit ID from kodata failed: open /var/run/ko/HEAD: no such file or directory"}
{"level":"info","ts":1568368960.0647678,"logger":"fallback-logger","caller":"bash/main.go:65","msg":"Successfully executed command \"mkdir -p /workspace/source\""}

Showing logs for build [32mcb-kubecd-bdd-spring-1568368514-flx6g-1[0m stage [32mmeta-pipeline[0m and container [32mstep-place-tools[0m

Showing logs for build [32mcb-kubecd-bdd-spring-1568368514-flx6g-1[0m stage [32mmeta-pipeline[0m and container [32mstep-git-source-meta-cb-kubecd-bdd-spring-15683-wtckj[0m
{"level":"warn","ts":1568368966.1648295,"logger":"fallback-logger","caller":"logging/config.go:69","msg":"Fetch GitHub commit ID from kodata failed: \"ref: refs/heads/master\" is not a valid GitHub commit ID"}
{"level":"info","ts":1568368967.3993127,"logger":"fallback-logger","caller":"git/git.go:102","msg":"Successfully cloned https://github.com/cb-kubecd/bdd-spring-1568368514.git @ 708f0e06d15f5396d2a853e4519806afd1323cfc in path /workspace/source"}

Showing logs for build [32mcb-kubecd-bdd-spring-1568368514-flx6g-1[0m stage [32mmeta-pipeline[0m and container [32mstep-git-merge[0m
Using SHAs from PULL_REFS=master:708f0e06d15f5396d2a853e4519806afd1323cfc,1:8955a36385f295fae5e6f80733a1870a70091fd4
DEBUG: ran git fetch --unshallow origin 8955a36385f295fae5e6f80733a1870a70091fd4: 708f0e06d15f5396d2a853e4519806afd1323cfc: in 
DEBUG: ran git checkout master in 
DEBUG: ran git reset --hard 708f0e06d15f5396d2a853e4519806afd1323cfc in 
DEBUG: ran clean --force -d . in 
DEBUG: ran git merge 8955a36385f295fae5e6f80733a1870a70091fd4 in 
Merged SHA 8955a36385f295fae5e6f80733a1870a70091fd4 with commit message 'My first PR commit' into base branch master

Showing logs for build [32mcb-kubecd-bdd-spring-1568368514-flx6g-1[0m stage [32mmeta-pipeline[0m and container [32mstep-merge-pull-refs[0m
DEBUG: ran git fetch origin 8955a36385f295fae5e6f80733a1870a70091fd4: 708f0e06d15f5396d2a853e4519806afd1323cfc: in 
DEBUG: Unshallowed git repo in 
DEBUG: ran git checkout master in 
DEBUG: ran git reset --hard 708f0e06d15f5396d2a853e4519806afd1323cfc in 
DEBUG: ran clean --force -d . in 
DEBUG: ran git merge 8955a36385f295fae5e6f80733a1870a70091fd4 in 
Merged SHA 8955a36385f295fae5e6f80733a1870a70091fd4 with commit message 'My first PR commit' into base branch master

Showing logs for build [32mcb-kubecd-bdd-spring-1568368514-flx6g-1[0m stage [32mmeta-pipeline[0m and container [32mstep-create-effective-pipeline[0m
Deleting and cloning the Jenkins X versions repo
Cloning the Jenkins X versions repo https://github.com/jenkins-x/jenkins-x-versions.git with ref refs/heads/master to /builder/home/.**/jenkins-x-versions
Effective pipeline written to jenkins-x-serverless-jenkins-effective.yml

Showing logs for build [32mcb-kubecd-bdd-spring-1568368514-flx6g-1[0m stage [32mmeta-pipeline[0m and container [32mstep-create-tekton-crds[0m
PipelineActivity for cb-kubecd-bdd-spring-1568368514-PR-1-1
Applying changes 
upserted PipelineResource cb-kubecd-bdd-spring-1568368514 for the git repository https://github.com/cb-kubecd/bdd-spring-1568368514.git
upserted Task cb-kubecd-bdd-spring-1568368514-flx6g-from-build-pack-1
upserted Pipeline cb-kubecd-bdd-spring-1568368514-flx6g-1
created PipelineRun cb-kubecd-bdd-spring-1568368514-flx6g-1
created PipelineStructure cb-kubecd-bdd-spring-1568368514-flx6g-1

Showing logs for build [32mcb-kubecd-bdd-spring-1568368514-flx6g-1[0m stage [32mfrom-build-pack[0m and container [32mstep-credential-initializer-8h8zq[0m
{"level":"warn","ts":1568368981.3885636,"logger":"fallback-logger","caller":"logging/config.go:69","msg":"Fetch GitHub commit ID from kodata failed: \"ref: refs/heads/master\" is not a valid GitHub commit ID"}
{"level":"info","ts":1568368981.3893337,"logger":"fallback-logger","caller":"creds-init/main.go:40","msg":"Credentials initialized."}

Showing logs for build [32mcb-kubecd-bdd-spring-1568368514-flx6g-1[0m stage [32mfrom-build-pack[0m and container [32mstep-working-dir-initializer-w2vsn[0m
{"level":"warn","ts":1568368984.1997125,"logger":"fallback-logger","caller":"logging/config.go:69","msg":"Fetch GitHub commit ID from kodata failed: open /var/run/ko/HEAD: no such file or directory"}
{"level":"info","ts":1568368984.2055411,"logger":"fallback-logger","caller":"bash/main.go:65","msg":"Successfully executed command \"mkdir -p /workspace/source /workspace/source/charts/preview\""}

Showing logs for build [32mcb-kubecd-bdd-spring-1568368514-flx6g-1[0m stage [32mfrom-build-pack[0m and container [32mstep-place-tools[0m

Showing logs for build [32mcb-kubecd-bdd-spring-1568368514-flx6g-1[0m stage [32mfrom-build-pack[0m and container [32mstep-git-source-cb-kubecd-bdd-spring-1568368514-gd6gl[0m
{"level":"warn","ts":1568369018.7230117,"logger":"fallback-logger","caller":"logging/config.go:69","msg":"Fetch GitHub commit ID from kodata failed: \"ref: refs/heads/master\" is not a valid GitHub commit ID"}
{"level":"info","ts":1568369020.0706525,"logger":"fallback-logger","caller":"git/git.go:102","msg":"Successfully cloned https://github.com/cb-kubecd/bdd-spring-1568368514.git @ master in path /workspace/source"}

Showing logs for build [32mcb-kubecd-bdd-spring-1568368514-flx6g-1[0m stage [32mfrom-build-pack[0m and container [32mstep-git-merge[0m
Using SHAs from PULL_REFS=master:708f0e06d15f5396d2a853e4519806afd1323cfc,1:8955a36385f295fae5e6f80733a1870a70091fd4
DEBUG: ran git fetch --unshallow origin 8955a36385f295fae5e6f80733a1870a70091fd4: 708f0e06d15f5396d2a853e4519806afd1323cfc: in 
DEBUG: ran git checkout master in 
DEBUG: ran git reset --hard 708f0e06d15f5396d2a853e4519806afd1323cfc in 
DEBUG: ran clean --force -d . in 
DEBUG: ran git merge 8955a36385f295fae5e6f80733a1870a70091fd4 in 
Merged SHA 8955a36385f295fae5e6f80733a1870a70091fd4 with commit message 'My first PR commit' into base branch master

Showing logs for build [32mcb-kubecd-bdd-spring-1568368514-flx6g-1[0m stage [32mfrom-build-pack[0m and container [32mstep-build-set-version[0m
Picked up _JAVA_OPTIONS: -XX:+UnlockExperimentalVMOptions -XX:+UseCGroupMemoryLimitForHeap -Dsun.zip.disableMemoryMapping=true -XX:+UseParallelGC -XX:MinHeapFreeRatio=5 -XX:MaxHeapFreeRatio=10 -XX:GCTimeRatio=4 -XX:AdaptiveSizePolicyWeight=90 -Xms10m -Xmx192m
OpenJDK 64-Bit Server VM warning: If the number of processors is expected to increase from one, then you should configure the number of parallel GC threads appropriately using -XX:ParallelGCThreads=N
[INFO] Scanning for projects...
[INFO] 
[INFO] -----------------< com.example:bdd-spring-1568368514 >------------------
[INFO] Building demo 0.0.1-SNAPSHOT
[INFO] --------------------------------[ jar ]---------------------------------
[INFO] 
[INFO] --- versions-maven-plugin:2.7:set (default-cli) @ bdd-spring-1568368514 ---
[INFO] Searching for local aggregator root...
[INFO] Local aggregation root: /workspace/source
[INFO] Processing change of com.example:bdd-spring-1568368514:0.0.1-SNAPSHOT -> 0.0.0-SNAPSHOT-PR-1-1
[INFO] Processing com.example:bdd-spring-1568368514
[INFO]     Updating project com.example:bdd-spring-1568368514
[INFO]         from version 0.0.1-SNAPSHOT to 0.0.0-SNAPSHOT-PR-1-1
[INFO] 
[INFO] ------------------------------------------------------------------------
[INFO] BUILD SUCCESS
[INFO] ------------------------------------------------------------------------
[INFO] Total time:  16.865 s
[INFO] Finished at: 2019-09-13T10:04:01Z
[INFO] ------------------------------------------------------------------------

Showing logs for build [32mcb-kubecd-bdd-spring-1568368514-flx6g-1[0m stage [32mfrom-build-pack[0m and container [32mstep-build-mvn-install[0m
Picked up _JAVA_OPTIONS: -XX:+UnlockExperimentalVMOptions -XX:+UseCGroupMemoryLimitForHeap -Dsun.zip.disableMemoryMapping=true -XX:+UseParallelGC -XX:MinHeapFreeRatio=5 -XX:MaxHeapFreeRatio=10 -XX:GCTimeRatio=4 -XX:AdaptiveSizePolicyWeight=90 -Xms10m -Xmx192m
OpenJDK 64-Bit Server VM warning: If the number of processors is expected to increase from one, then you should configure the number of parallel GC threads appropriately using -XX:ParallelGCThreads=N
[INFO] Scanning for projects...
[INFO] 
[INFO] -----------------< com.example:bdd-spring-1568368514 >------------------
[INFO] Building demo 0.0.0-SNAPSHOT-PR-1-1
[INFO] --------------------------------[ jar ]---------------------------------
[INFO] 
[INFO] --- maven-resources-plugin:3.1.0:resources (default-resources) @ bdd-spring-1568368514 ---
[INFO] Using 'UTF-8' encoding to copy filtered resources.
[INFO] Copying 1 resource
[INFO] Copying 0 resource
[INFO] 
[INFO] --- maven-compiler-plugin:3.8.1:compile (default-compile) @ bdd-spring-1568368514 ---
[INFO] Changes detected - recompiling the module!
[INFO] Compiling 1 source file to /workspace/source/target/classes
[INFO] 
[INFO] --- maven-resources-plugin:3.1.0:testResources (default-testResources) @ bdd-spring-1568368514 ---
[INFO] Using 'UTF-8' encoding to copy filtered resources.
[INFO] skip non existing resourceDirectory /workspace/source/src/test/resources
[INFO] 
[INFO] --- maven-compiler-plugin:3.8.1:testCompile (default-testCompile) @ bdd-spring-1568368514 ---
[INFO] Changes detected - recompiling the module!
[INFO] Compiling 1 source file to /workspace/source/target/test-classes
[INFO] 
[INFO] --- maven-surefire-plugin:3.0.0-M1:test (default-test) @ bdd-spring-1568368514 ---
[INFO] 
[INFO] -------------------------------------------------------
[INFO]  T E S T S
[INFO] -------------------------------------------------------
[INFO] Running com.example.bddspring1568368514.DemoApplicationTests
10:04:19.252 [main] DEBUG org.springframework.test.context.junit4.SpringJUnit4ClassRunner - SpringJUnit4ClassRunner constructor called with [class com.example.bddspring1568368514.DemoApplicationTests]
10:04:19.270 [main] DEBUG org.springframework.test.context.BootstrapUtils - Instantiating CacheAwareContextLoaderDelegate from class [org.springframework.test.context.cache.DefaultCacheAwareContextLoaderDelegate]
10:04:19.315 [main] DEBUG org.springframework.test.context.BootstrapUtils - Instantiating BootstrapContext using constructor [public org.springframework.test.context.support.DefaultBootstrapContext(java.lang.Class,org.springframework.test.context.CacheAwareContextLoaderDelegate)]
10:04:19.364 [main] DEBUG org.springframework.test.context.BootstrapUtils - Instantiating TestContextBootstrapper for test class [com.example.bddspring1568368514.DemoApplicationTests] from class [org.springframework.boot.test.context.SpringBootTestContextBootstrapper]
10:04:19.394 [main] INFO org.springframework.boot.test.context.SpringBootTestContextBootstrapper - Neither @ContextConfiguration nor @ContextHierarchy found for test class [com.example.bddspring1568368514.DemoApplicationTests], using SpringBootContextLoader
10:04:19.423 [main] DEBUG org.springframework.test.context.support.AbstractContextLoader - Did not detect default resource location for test class [com.example.bddspring1568368514.DemoApplicationTests]: class path resource [com/example/bddspring1568368514/DemoApplicationTests-context.xml] does not exist
10:04:19.428 [main] DEBUG org.springframework.test.context.support.AbstractContextLoader - Did not detect default resource location for test class [com.example.bddspring1568368514.DemoApplicationTests]: class path resource [com/example/bddspring1568368514/DemoApplicationTestsContext.groovy] does not exist
10:04:19.434 [main] INFO org.springframework.test.context.support.AbstractContextLoader - Could not detect default resource locations for test class [com.example.bddspring1568368514.DemoApplicationTests]: no resource found for suffixes {-context.xml, Context.groovy}.
10:04:19.441 [main] INFO org.springframework.test.context.support.AnnotationConfigContextLoaderUtils - Could not detect default configuration classes for test class [com.example.bddspring1568368514.DemoApplicationTests]: DemoApplicationTests does not declare any static, non-private, non-final, nested classes annotated with @Configuration.
10:04:19.538 [main] DEBUG org.springframework.test.context.support.ActiveProfilesUtils - Could not find an 'annotation declaring class' for annotation type [org.springframework.test.context.ActiveProfiles] and class [com.example.bddspring1568368514.DemoApplicationTests]
10:04:19.693 [main] DEBUG org.springframework.context.annotation.ClassPathScanningCandidateComponentProvider - Identified candidate component class: file [/workspace/source/target/classes/com/example/bddspring1568368514/DemoApplication.class]
10:04:19.720 [main] INFO org.springframework.boot.test.context.SpringBootTestContextBootstrapper - Found @SpringBootConfiguration com.example.bddspring1568368514.DemoApplication for test class com.example.bddspring1568368514.DemoApplicationTests
10:04:19.947 [main] DEBUG org.springframework.boot.test.context.SpringBootTestContextBootstrapper - @TestExecutionListeners is not present for class [com.example.bddspring1568368514.DemoApplicationTests]: using defaults.
10:04:19.948 [main] INFO org.springframework.boot.test.context.SpringBootTestContextBootstrapper - Loaded default TestExecutionListener class names from location [META-INF/spring.factories]: [org.springframework.boot.test.mock.mockito.MockitoTestExecutionListener, org.springframework.boot.test.mock.mockito.ResetMocksTestExecutionListener, org.springframework.boot.test.autoconfigure.restdocs.RestDocsTestExecutionListener, org.springframework.boot.test.autoconfigure.web.client.MockRestServiceServerResetTestExecutionListener, org.springframework.boot.test.autoconfigure.web.servlet.MockMvcPrintOnlyOnFailureTestExecutionListener, org.springframework.boot.test.autoconfigure.web.servlet.WebDriverTestExecutionListener, org.springframework.test.context.web.ServletTestExecutionListener, org.springframework.test.context.support.DirtiesContextBeforeModesTestExecutionListener, org.springframework.test.context.support.DependencyInjectionTestExecutionListener, org.springframework.test.context.support.DirtiesContextTestExecutionListener, org.springframework.test.context.transaction.TransactionalTestExecutionListener, org.springframework.test.context.jdbc.SqlScriptsTestExecutionListener]
10:04:19.981 [main] DEBUG org.springframework.boot.test.context.SpringBootTestContextBootstrapper - Skipping candidate TestExecutionListener [org.springframework.test.context.transaction.TransactionalTestExecutionListener] due to a missing dependency. Specify custom listener classes or make the default listener classes and their required dependencies available. Offending class: [org/springframework/transaction/TransactionDefinition]
10:04:19.982 [main] DEBUG org.springframework.boot.test.context.SpringBootTestContextBootstrapper - Skipping candidate TestExecutionListener [org.springframework.test.context.jdbc.SqlScriptsTestExecutionListener] due to a missing dependency. Specify custom listener classes or make the default listener classes and their required dependencies available. Offending class: [org/springframework/transaction/interceptor/TransactionAttribute]
10:04:19.983 [main] INFO org.springframework.boot.test.context.SpringBootTestContextBootstrapper - Using TestExecutionListeners: [org.springframework.test.context.web.ServletTestExecutionListener@1725dc0f, org.springframework.test.context.support.DirtiesContextBeforeModesTestExecutionListener@3911c2a7, org.springframework.boot.test.mock.mockito.MockitoTestExecutionListener@4ac3c60d, org.springframework.boot.test.autoconfigure.SpringBootDependencyInjectionTestExecutionListener@4facf68f, org.springframework.test.context.support.DirtiesContextTestExecutionListener@76508ed1, org.springframework.boot.test.mock.mockito.ResetMocksTestExecutionListener@41e36e46, org.springframework.boot.test.autoconfigure.restdocs.RestDocsTestExecutionListener@15c43bd9, org.springframework.boot.test.autoconfigure.web.client.MockRestServiceServerResetTestExecutionListener@3d74bf60, org.springframework.boot.test.autoconfigure.web.servlet.MockMvcPrintOnlyOnFailureTestExecutionListener@4f209819, org.springframework.boot.test.autoconfigure.web.servlet.WebDriverTestExecutionListener@15eb5ee5]
10:04:19.987 [main] DEBUG org.springframework.test.annotation.ProfileValueUtils - Retrieved @ProfileValueSourceConfiguration [null] for test class [com.example.bddspring1568368514.DemoApplicationTests]
10:04:19.988 [main] DEBUG org.springframework.test.annotation.ProfileValueUtils - Retrieved ProfileValueSource type [class org.springframework.test.annotation.SystemProfileValueSource] for class [com.example.bddspring1568368514.DemoApplicationTests]
10:04:19.993 [main] DEBUG org.springframework.test.annotation.ProfileValueUtils - Retrieved @ProfileValueSourceConfiguration [null] for test class [com.example.bddspring1568368514.DemoApplicationTests]
10:04:19.993 [main] DEBUG org.springframework.test.annotation.ProfileValueUtils - Retrieved ProfileValueSource type [class org.springframework.test.annotation.SystemProfileValueSource] for class [com.example.bddspring1568368514.DemoApplicationTests]
10:04:19.997 [main] DEBUG org.springframework.test.annotation.ProfileValueUtils - Retrieved @ProfileValueSourceConfiguration [null] for test class [com.example.bddspring1568368514.DemoApplicationTests]
10:04:20.003 [main] DEBUG org.springframework.test.annotation.ProfileValueUtils - Retrieved ProfileValueSource type [class org.springframework.test.annotation.SystemProfileValueSource] for class [com.example.bddspring1568368514.DemoApplicationTests]
10:04:20.033 [main] DEBUG org.springframework.test.context.support.AbstractDirtiesContextTestExecutionListener - Before test class: context [DefaultTestContext@1dde4cb2 testClass = DemoApplicationTests, testInstance = [null], testMethod = [null], testException = [null], mergedContextConfiguration = [WebMergedContextConfiguration@7714e963 testClass = DemoApplicationTests, locations = '{}', classes = '{class com.example.bddspring1568368514.DemoApplication}', contextInitializerClasses = '[]', activeProfiles = '{}', propertySourceLocations = '{}', propertySourceProperties = '{org.springframework.boot.test.context.SpringBootTestContextBootstrapper=true}', contextCustomizers = set[org.springframework.boot.test.context.filter.ExcludeFilterContextCustomizer@64729b1e, org.springframework.boot.test.json.DuplicateJsonObjectContextCustomizerFactory$DuplicateJsonObjectContextCustomizer@6895a785, org.springframework.boot.test.mock.mockito.MockitoContextCustomizer@0, org.springframework.boot.test.web.client.TestRestTemplateContextCustomizer@76f2b07d, org.springframework.boot.test.autoconfigure.properties.PropertyMappingContextCustomizer@0, org.springframework.boot.test.autoconfigure.web.servlet.WebDriverContextCustomizerFactory$Customizer@2f943d71], resourceBasePath = 'src/main/webapp', contextLoader = 'org.springframework.boot.test.context.SpringBootContextLoader', parent = [null]], attributes = map['org.springframework.test.context.web.ServletTestExecutionListener.activateListener' -> true]], class annotated with @DirtiesContext [false] with mode [null].
10:04:20.039 [main] DEBUG org.springframework.test.annotation.ProfileValueUtils - Retrieved @ProfileValueSourceConfiguration [null] for test class [com.example.bddspring1568368514.DemoApplicationTests]
10:04:20.039 [main] DEBUG org.springframework.test.annotation.ProfileValueUtils - Retrieved ProfileValueSource type [class org.springframework.test.annotation.SystemProfileValueSource] for class [com.example.bddspring1568368514.DemoApplicationTests]
10:04:20.148 [main] DEBUG org.springframework.test.context.support.TestPropertySourceUtils - Adding inlined properties to environment: {spring.jmx.enabled=false, org.springframework.boot.test.context.SpringBootTestContextBootstrapper=true, server.port=-1}

  .   ____          _            __ _ _
 /\\ / ___'_ __ _ _(_)_ __  __ _ \ \ \ \
( ( )\___ | '_ | '_| | '_ \/ _` | \ \ \ \
 \\/  ___)| |_)| | | | | || (_| |  ) ) ) )
  '  |____| .__|_| |_|_| |_\__, | / / / /
 =========|_|==============|___/=/_/_/_/
 :: Spring Boot ::        (v2.1.8.RELEASE)

2019-09-13 10:04:21.056  INFO 63 --- [           main] c.e.b.DemoApplicationTests               : Starting DemoApplicationTests on cb-kubecd-bdd-spring-1568368514-flx6g-1-from-build-pack-rm84t-p with PID 63 (started by root in /workspace/source)
2019-09-13 10:04:21.064  INFO 63 --- [           main] c.e.b.DemoApplicationTests               : No active profile set, falling back to default profiles: default
2019-09-13 10:04:27.290  INFO 63 --- [           main] o.s.s.concurrent.ThreadPoolTaskExecutor  : Initializing ExecutorService 'applicationTaskExecutor'
2019-09-13 10:04:29.850  INFO 63 --- [           main] o.s.b.a.e.web.EndpointLinksResolver      : Exposing 2 endpoint(s) beneath base path '/actuator'
2019-09-13 10:04:30.016  INFO 63 --- [           main] c.e.b.DemoApplicationTests               : Started DemoApplicationTests in 9.82 seconds (JVM running for 11.555)
[INFO] Tests run: 1, Failures: 0, Errors: 0, Skipped: 0, Time elapsed: 11.389 s - in com.example.bddspring1568368514.DemoApplicationTests
2019-09-13 10:04:30.444  INFO 63 --- [       Thread-2] o.s.s.concurrent.ThreadPoolTaskExecutor  : Shutting down ExecutorService 'applicationTaskExecutor'
[INFO] 
[INFO] Results:
[INFO] 
[INFO] Tests run: 1, Failures: 0, Errors: 0, Skipped: 0
[INFO] 
[INFO] 
[INFO] --- maven-jar-plugin:3.1.2:jar (default-jar) @ bdd-spring-1568368514 ---
[INFO] Building jar: /workspace/source/target/bdd-spring-1568368514-0.0.0-SNAPSHOT-PR-1-1.jar
[INFO] 
[INFO] --- spring-boot-maven-plugin:2.1.8.RELEASE:repackage (repackage) @ bdd-spring-1568368514 ---
[INFO] Replacing main artifact with repackaged archive
[INFO] 
[INFO] --- maven-install-plugin:2.5.2:install (default-install) @ bdd-spring-1568368514 ---
[INFO] Installing /workspace/source/target/bdd-spring-1568368514-0.0.0-SNAPSHOT-PR-1-1.jar to /root/.mvnrepository/com/example/bdd-spring-1568368514/0.0.0-SNAPSHOT-PR-1-1/bdd-spring-1568368514-0.0.0-SNAPSHOT-PR-1-1.jar
[INFO] Installing /workspace/source/pom.xml to /root/.mvnrepository/com/example/bdd-spring-1568368514/0.0.0-SNAPSHOT-PR-1-1/bdd-spring-1568368514-0.0.0-SNAPSHOT-PR-1-1.pom
[INFO] ------------------------------------------------------------------------
[INFO] BUILD SUCCESS
[INFO] ------------------------------------------------------------------------
[INFO] Total time:  31.287 s
[INFO] Finished at: 2019-09-13T10:04:35Z
[INFO] ------------------------------------------------------------------------

Showing logs for build [32mcb-kubecd-bdd-spring-1568368514-flx6g-1[0m stage [32mfrom-build-pack[0m and container [32mstep-build-skaffold-version[0m
v0.37.0

Showing logs for build [32mcb-kubecd-bdd-spring-1568368514-flx6g-1[0m stage [32mfrom-build-pack[0m and container [32mstep-build-container-build[0m
[36mINFO[0m[0000] Downloading base image openjdk:8-jdk-slim    
ERROR: logging before flag.Parse: E0913 10:04:36.828172       9 metadata.go:142] while reading 'google-dockercfg' metadata: http status code: 404 while fetching url http://metadata.google.internal./computeMetadata/v1/instance/attributes/google-dockercfg
ERROR: logging before flag.Parse: E0913 10:04:36.833759       9 metadata.go:159] while reading 'google-dockercfg-url' metadata: http status code: 404 while fetching url http://metadata.google.internal./computeMetadata/v1/instance/attributes/google-dockercfg-url
2019/09/13 10:04:36 No matching credentials were found, falling back on anonymous
[36mINFO[0m[0001] Error while retrieving image from cache: getting file info: stat /workspace/sha256:408aa8da1cd7ceefb963fde518004c7db807dea67870db6d9f2f8ca0a337e979: no such file or directory 
[36mINFO[0m[0001] Downloading base image openjdk:8-jdk-slim    
2019/09/13 10:04:38 No matching credentials were found, falling back on anonymous
[36mINFO[0m[0002] cmd: EXPOSE                                  
[36mINFO[0m[0002] Adding exposed port: 8080/tcp                
[36mINFO[0m[0002] Using files from context: [/workspace/source/pom.xml] 
[36mINFO[0m[0002] Using files from context: [/workspace/source/target/bdd-spring-1568368514-0.0.0-SNAPSHOT-PR-1-1.jar] 
[36mINFO[0m[0002] Skipping unpacking as no commands require it. 
[36mINFO[0m[0002] Taking snapshot of full filesystem...        
[36mINFO[0m[0002] ENV PORT 8080                                
[36mINFO[0m[0002] No files changed in this command, skipping snapshotting. 
[36mINFO[0m[0002] ENV CLASSPATH /opt/lib                       
[36mINFO[0m[0002] No files changed in this command, skipping snapshotting. 
[36mINFO[0m[0002] EXPOSE 8080                                  
[36mINFO[0m[0002] cmd: EXPOSE                                  
[36mINFO[0m[0002] Adding exposed port: 8080/tcp                
[36mINFO[0m[0002] No files changed in this command, skipping snapshotting. 
[36mINFO[0m[0002] Using files from context: [/workspace/source/pom.xml] 
[36mINFO[0m[0002] COPY pom.xml target/lib* /opt/lib/           
[36mINFO[0m[0002] Taking snapshot of files...                  
[36mINFO[0m[0002] Using files from context: [/workspace/source/target/bdd-spring-1568368514-0.0.0-SNAPSHOT-PR-1-1.jar] 
[36mINFO[0m[0002] COPY target/*.jar /opt/app.jar               
[36mINFO[0m[0002] Taking snapshot of files...                  
[36mINFO[0m[0002] WORKDIR /opt                                 
[36mINFO[0m[0002] cmd: workdir                                 
[36mINFO[0m[0002] Changed working directory to /opt            
[36mINFO[0m[0002] No files changed in this command, skipping snapshotting. 
[36mINFO[0m[0002] CMD ["java", "-XX:+UnlockExperimentalVMOptions", "-XX:+UseCGroupMemoryLimitForHeap", "-jar", "app.jar"] 
[36mINFO[0m[0002] No files changed in this command, skipping snapshotting. 
2019/09/13 10:04:39 existing blob: sha256:80a55c9c9fe89b163322e46d017f346fab100604a4a0a63a1a790b89c1c2105f
2019/09/13 10:04:39 existing blob: sha256:7aaf9a088d61d78b50cd2a58984cc89ed9c0c5c66124fd74b4baa0cba32524c1
2019/09/13 10:04:39 existing blob: sha256:9110ea0d47ee3b75e48971381c280070f0d76603288b1da30af905152b7d8250
2019/09/13 10:04:39 existing blob: sha256:1ab2bdfe97783562315f98f94c0769b1897a05f7b0395ca1520ebee08666703b
2019/09/13 10:04:42 pushed blob: sha256:9c6adf822c88935f58193274daeb74ec2d7d1dc8c68c822166f52c98a164b758
2019/09/13 10:04:43 pushed blob: sha256:09b5473c98820005735e5baf2e79aa9f7f377b257a87e3af0c506ec152595c73
2019/09/13 10:04:44 pushed blob: sha256:93b9e0aa8806f5c3e54cc042b6cdf49acc29aa8f588d376ce43f7a1d3fe78b02
2019/09/13 10:04:46 gcr.io/jenkins-x-bdd3/bdd-spring-1568368514:0.0.0-SNAPSHOT-PR-1-1: digest: sha256:b4bb9308f300bb6bb0e79be67496a4b4e6f0c2ed9aa22c28cf2aa608b8a3895e size: 1244

Showing logs for build [32mcb-kubecd-bdd-spring-1568368514-flx6g-1[0m stage [32mfrom-build-pack[0m and container [32mstep-postbuild-post-build[0m
no CVE provider running in the current ** namespace so skip adding image to be analysed

Showing logs for build [32mcb-kubecd-bdd-spring-1568368514-flx6g-1[0m stage [32mfrom-build-pack[0m and container [32mstep-promote-make-preview[0m
sed -i -e "s/version:.*/version: 0.0.0-SNAPSHOT-PR-1-1/" Chart.yaml
sed -i -e "s/version:.*/version: 0.0.0-SNAPSHOT-PR-1-1/" ../*/Chart.yaml
sed -i -e "s|repository:.*|repository: gcr.io\/jenkins-x-bdd3\/bdd-spring-1568368514|" values.yaml
sed -i -e "s/tag:.*/tag: 0.0.0-SNAPSHOT-PR-1-1/" values.yaml
echo "  version: 0.0.0-SNAPSHOT-PR-1-1" >> requirements.yaml
** step helm build
WARNING: No $CHART_REPOSITORY defined so using the default value of: http://jenkins-x-chartmuseum:8080
Adding missing Helm repo: storage.googleapis.com https://storage.googleapis.com/chartmuseum.jenkins-x.io
Successfully added Helm repository storage.googleapis.com.
Adding missing Helm repo: jenkins-x-chartmuseum http://jenkins-x-chartmuseum:8080
Successfully added Helm repository jenkins-x-chartmuseum.
WARNING: No $CHART_REPOSITORY defined so using the default value of: http://jenkins-x-chartmuseum:8080
Adding missing Helm repo: chartmuseum.jenkins-x.io http://chartmuseum.jenkins-x.io
Successfully added Helm repository chartmuseum.jenkins-x.io.

Showing logs for build [32mcb-kubecd-bdd-spring-1568368514-flx6g-1[0m stage [32mfrom-build-pack[0m and container [32mstep-promote-jx-preview[0m
Creating a preview
WARNING: No author for commit: 8955a36385f295fae5e6f80733a1870a70091fd4
Created environment cb-kubecd-bdd-spring-1568368514-pr-1
Namespace **-cb-kubecd-bdd-spring-1568368514-pr-1 created 
expose:
  Annotations:
    helm.sh/hook: post-install,post-upgrade
    helm.sh/hook-delete-policy: hook-succeeded
  config:
    domain: 104.199.91.197.nip.io
    exposer: Ingress
    http: "true"
preview:
  image:
    repository: gcr.io/jenkins-x-bdd3/bdd-spring-1568368514
    tag: 0.0.0-SNAPSHOT-PR-1-1
Deleting and cloning the Jenkins X versions repo
Cloning the Jenkins X versions repo https://github.com/jenkins-x/jenkins-x-versions.git with ref refs/heads/master to /builder/home/.**/jenkins-x-versions


Updating PipelineActivities cb-kubecd-bdd-spring-1568368514-pr-1-1 which has status Running
WARNING: preview application http://bdd-spring-1568368514.**-cb-kubecd-bdd-spring-1568368514-pr-1.104.199.91.197.nip.io not available, error was 503 503 Service Temporarily Unavailable, delaying for: 1.192024588s
WARNING: preview application http://bdd-spring-1568368514.**-cb-kubecd-bdd-spring-1568368514-pr-1.104.199.91.197.nip.io not available, error was 503 503 Service Temporarily Unavailable, delaying for: 1.561649783s
WARNING: preview application http://bdd-spring-1568368514.**-cb-kubecd-bdd-spring-1568368514-pr-1.104.199.91.197.nip.io not available, error was 503 503 Service Temporarily Unavailable, delaying for: 2.077092453s
WARNING: preview application http://bdd-spring-1568368514.**-cb-kubecd-bdd-spring-1568368514-pr-1.104.199.91.197.nip.io not available, error was 503 503 Service Temporarily Unavailable, delaying for: 2.639523358s
WARNING: preview application http://bdd-spring-1568368514.**-cb-kubecd-bdd-spring-1568368514-pr-1.104.199.91.197.nip.io not available, error was 503 503 Service Temporarily Unavailable, delaying for: 6.988999559s
WARNING: preview application http://bdd-spring-1568368514.**-cb-kubecd-bdd-spring-1568368514-pr-1.104.199.91.197.nip.io not available, error was 503 503 Service Temporarily Unavailable, delaying for: 4.536921008s
WARNING: preview application http://bdd-spring-1568368514.**-cb-kubecd-bdd-spring-1568368514-pr-1.104.199.91.197.nip.io not available, error was 503 503 Service Temporarily Unavailable, delaying for: 8.22732789s
WARNING: preview application http://bdd-spring-1568368514.**-cb-kubecd-bdd-spring-1568368514-pr-1.104.199.91.197.nip.io not available, error was 503 503 Service Temporarily Unavailable, delaying for: 13.865621763s
Preview application is now available at: http://bdd-spring-1568368514.**-cb-kubecd-bdd-spring-1568368514-pr-1.104.199.91.197.nip.io
